<?xml version="1.0" encoding="UTF-8"?>
<testsuite name="dev.mohammadalkhani.springmailsender.SpringMailSenderApplicationTests" tests="1" skipped="0" failures="0" errors="0" timestamp="2022-05-29T20:41:13" hostname="ash.local" time="0.665">
  <properties/>
  <testcase name="contextLoads()" classname="dev.mohammadalkhani.springmailsender.SpringMailSenderApplicationTests" time="0.665"/>
  <system-out><![CDATA[13:41:11.948 [Test worker] DEBUG org.springframework.test.context.BootstrapUtils - Instantiating CacheAwareContextLoaderDelegate from class [org.springframework.test.context.cache.DefaultCacheAwareContextLoaderDelegate]
13:41:11.973 [Test worker] DEBUG org.springframework.test.context.BootstrapUtils - Instantiating BootstrapContext using constructor [public org.springframework.test.context.support.DefaultBootstrapContext(java.lang.Class,org.springframework.test.context.CacheAwareContextLoaderDelegate)]
13:41:12.026 [Test worker] DEBUG org.springframework.test.context.BootstrapUtils - Instantiating TestContextBootstrapper for test class [dev.mohammadalkhani.springmailsender.SpringMailSenderApplicationTests] from class [org.springframework.boot.test.context.SpringBootTestContextBootstrapper]
13:41:12.043 [Test worker] INFO org.springframework.boot.test.context.SpringBootTestContextBootstrapper - Neither @ContextConfiguration nor @ContextHierarchy found for test class [dev.mohammadalkhani.springmailsender.SpringMailSenderApplicationTests], using SpringBootContextLoader
13:41:12.050 [Test worker] DEBUG org.springframework.test.context.support.AbstractContextLoader - Did not detect default resource location for test class [dev.mohammadalkhani.springmailsender.SpringMailSenderApplicationTests]: class path resource [dev/mohammadalkhani/springmailsender/SpringMailSenderApplicationTests-context.xml] does not exist
13:41:12.050 [Test worker] DEBUG org.springframework.test.context.support.AbstractContextLoader - Did not detect default resource location for test class [dev.mohammadalkhani.springmailsender.SpringMailSenderApplicationTests]: class path resource [dev/mohammadalkhani/springmailsender/SpringMailSenderApplicationTestsContext.groovy] does not exist
13:41:12.051 [Test worker] INFO org.springframework.test.context.support.AbstractContextLoader - Could not detect default resource locations for test class [dev.mohammadalkhani.springmailsender.SpringMailSenderApplicationTests]: no resource found for suffixes {-context.xml, Context.groovy}.
13:41:12.052 [Test worker] INFO org.springframework.test.context.support.AnnotationConfigContextLoaderUtils - Could not detect default configuration classes for test class [dev.mohammadalkhani.springmailsender.SpringMailSenderApplicationTests]: SpringMailSenderApplicationTests does not declare any static, non-private, non-final, nested classes annotated with @Configuration.
13:41:12.125 [Test worker] DEBUG org.springframework.test.context.support.ActiveProfilesUtils - Could not find an 'annotation declaring class' for annotation type [org.springframework.test.context.ActiveProfiles] and class [dev.mohammadalkhani.springmailsender.SpringMailSenderApplicationTests]
13:41:12.222 [Test worker] DEBUG org.springframework.context.annotation.ClassPathScanningCandidateComponentProvider - Identified candidate component class: file [/Users/mnkhani/Documents/github/spring-mail-api/build/classes/java/main/dev/mohammadalkhani/springmailsender/SpringMailSenderApplication.class]
13:41:12.223 [Test worker] INFO org.springframework.boot.test.context.SpringBootTestContextBootstrapper - Found @SpringBootConfiguration dev.mohammadalkhani.springmailsender.SpringMailSenderApplication for test class dev.mohammadalkhani.springmailsender.SpringMailSenderApplicationTests
13:41:12.377 [Test worker] DEBUG org.springframework.boot.test.context.SpringBootTestContextBootstrapper - @TestExecutionListeners is not present for class [dev.mohammadalkhani.springmailsender.SpringMailSenderApplicationTests]: using defaults.
13:41:12.378 [Test worker] INFO org.springframework.boot.test.context.SpringBootTestContextBootstrapper - Loaded default TestExecutionListener class names from location [META-INF/spring.factories]: [org.springframework.boot.test.autoconfigure.restdocs.RestDocsTestExecutionListener, org.springframework.boot.test.autoconfigure.web.client.MockRestServiceServerResetTestExecutionListener, org.springframework.boot.test.autoconfigure.web.servlet.MockMvcPrintOnlyOnFailureTestExecutionListener, org.springframework.boot.test.autoconfigure.web.servlet.WebDriverTestExecutionListener, org.springframework.boot.test.autoconfigure.webservices.client.MockWebServiceServerTestExecutionListener, org.springframework.boot.test.mock.mockito.MockitoTestExecutionListener, org.springframework.boot.test.mock.mockito.ResetMocksTestExecutionListener, org.springframework.test.context.web.ServletTestExecutionListener, org.springframework.test.context.support.DirtiesContextBeforeModesTestExecutionListener, org.springframework.test.context.event.ApplicationEventsTestExecutionListener, org.springframework.test.context.support.DependencyInjectionTestExecutionListener, org.springframework.test.context.support.DirtiesContextTestExecutionListener, org.springframework.test.context.transaction.TransactionalTestExecutionListener, org.springframework.test.context.jdbc.SqlScriptsTestExecutionListener, org.springframework.test.context.event.EventPublishingTestExecutionListener]
13:41:12.388 [Test worker] DEBUG org.springframework.boot.test.context.SpringBootTestContextBootstrapper - Skipping candidate TestExecutionListener [org.springframework.test.context.web.ServletTestExecutionListener] due to a missing dependency. Specify custom listener classes or make the default listener classes and their required dependencies available. Offending class: [jakarta/servlet/ServletContext]
13:41:12.393 [Test worker] DEBUG org.springframework.boot.test.context.SpringBootTestContextBootstrapper - Skipping candidate TestExecutionListener [org.springframework.test.context.transaction.TransactionalTestExecutionListener] due to a missing dependency. Specify custom listener classes or make the default listener classes and their required dependencies available. Offending class: [org/springframework/transaction/interceptor/TransactionAttributeSource]
13:41:12.394 [Test worker] DEBUG org.springframework.boot.test.context.SpringBootTestContextBootstrapper - Skipping candidate TestExecutionListener [org.springframework.test.context.jdbc.SqlScriptsTestExecutionListener] due to a missing dependency. Specify custom listener classes or make the default listener classes and their required dependencies available. Offending class: [org/springframework/transaction/interceptor/TransactionAttribute]
13:41:12.395 [Test worker] INFO org.springframework.boot.test.context.SpringBootTestContextBootstrapper - Using TestExecutionListeners: [org.springframework.test.context.support.DirtiesContextBeforeModesTestExecutionListener@75f65e45, org.springframework.test.context.event.ApplicationEventsTestExecutionListener@6eeade6c, org.springframework.boot.test.mock.mockito.MockitoTestExecutionListener@4a891c97, org.springframework.boot.test.autoconfigure.SpringBootDependencyInjectionTestExecutionListener@a5bd950, org.springframework.test.context.support.DirtiesContextTestExecutionListener@4d18aa28, org.springframework.test.context.event.EventPublishingTestExecutionListener@75390459, org.springframework.boot.test.autoconfigure.restdocs.RestDocsTestExecutionListener@7756c3cd, org.springframework.boot.test.autoconfigure.web.client.MockRestServiceServerResetTestExecutionListener@2313052e, org.springframework.boot.test.autoconfigure.web.servlet.MockMvcPrintOnlyOnFailureTestExecutionListener@2bd2b28e, org.springframework.boot.test.autoconfigure.web.servlet.WebDriverTestExecutionListener@16746061, org.springframework.boot.test.autoconfigure.webservices.client.MockWebServiceServerTestExecutionListener@57fd91c9, org.springframework.boot.test.mock.mockito.ResetMocksTestExecutionListener@6cfcd46d]
13:41:12.401 [Test worker] DEBUG org.springframework.test.context.support.AbstractDirtiesContextTestExecutionListener - Before test class: context [DefaultTestContext@788fcafb testClass = SpringMailSenderApplicationTests, testInstance = [null], testMethod = [null], testException = [null], mergedContextConfiguration = [MergedContextConfiguration@4febb875 testClass = SpringMailSenderApplicationTests, locations = '{}', classes = '{class dev.mohammadalkhani.springmailsender.SpringMailSenderApplication}', contextInitializerClasses = '[]', activeProfiles = '{}', propertySourceLocations = '{}', propertySourceProperties = '{org.springframework.boot.test.context.SpringBootTestContextBootstrapper=true}', contextCustomizers = set[org.springframework.boot.test.autoconfigure.actuate.metrics.MetricsExportContextCustomizerFactory$DisableMetricExportContextCustomizer@68dc098b, org.springframework.boot.test.autoconfigure.properties.PropertyMappingContextCustomizer@0, org.springframework.boot.test.autoconfigure.web.servlet.WebDriverContextCustomizerFactory$Customizer@1115ec15, org.springframework.boot.test.context.filter.ExcludeFilterContextCustomizer@79dc5318, org.springframework.boot.test.json.DuplicateJsonObjectContextCustomizerFactory$DuplicateJsonObjectContextCustomizer@6f7923a5, org.springframework.boot.test.mock.mockito.MockitoContextCustomizer@0, org.springframework.boot.test.web.client.TestRestTemplateContextCustomizer@457c9034, org.springframework.boot.test.context.SpringBootTestArgs@1, org.springframework.boot.test.context.SpringBootTestWebEnvironment@b3ca52e], contextLoader = 'org.springframework.boot.test.context.SpringBootContextLoader', parent = [null]], attributes = map[[empty]]], class annotated with @DirtiesContext [false] with mode [null].
13:41:12.423 [Test worker] DEBUG org.springframework.test.context.support.DependencyInjectionTestExecutionListener - Performing dependency injection for test context [[DefaultTestContext@788fcafb testClass = SpringMailSenderApplicationTests, testInstance = dev.mohammadalkhani.springmailsender.SpringMailSenderApplicationTests@1ef3efa8, testMethod = [null], testException = [null], mergedContextConfiguration = [MergedContextConfiguration@4febb875 testClass = SpringMailSenderApplicationTests, locations = '{}', classes = '{class dev.mohammadalkhani.springmailsender.SpringMailSenderApplication}', contextInitializerClasses = '[]', activeProfiles = '{}', propertySourceLocations = '{}', propertySourceProperties = '{org.springframework.boot.test.context.SpringBootTestContextBootstrapper=true}', contextCustomizers = set[org.springframework.boot.test.autoconfigure.actuate.metrics.MetricsExportContextCustomizerFactory$DisableMetricExportContextCustomizer@68dc098b, org.springframework.boot.test.autoconfigure.properties.PropertyMappingContextCustomizer@0, org.springframework.boot.test.autoconfigure.web.servlet.WebDriverContextCustomizerFactory$Customizer@1115ec15, org.springframework.boot.test.context.filter.ExcludeFilterContextCustomizer@79dc5318, org.springframework.boot.test.json.DuplicateJsonObjectContextCustomizerFactory$DuplicateJsonObjectContextCustomizer@6f7923a5, org.springframework.boot.test.mock.mockito.MockitoContextCustomizer@0, org.springframework.boot.test.web.client.TestRestTemplateContextCustomizer@457c9034, org.springframework.boot.test.context.SpringBootTestArgs@1, org.springframework.boot.test.context.SpringBootTestWebEnvironment@b3ca52e], contextLoader = 'org.springframework.boot.test.context.SpringBootContextLoader', parent = [null]], attributes = map['org.springframework.test.context.event.ApplicationEventsTestExecutionListener.recordApplicationEvents' -> false]]].

  .   ____          _            __ _ _
 /\\ / ___'_ __ _ _(_)_ __  __ _ \ \ \ \
( ( )\___ | '_ | '_| | '_ \/ _` | \ \ \ \
 \\/  ___)| |_)| | | | | || (_| |  ) ) ) )
  '  |____| .__|_| |_|_| |_\__, | / / / /
 =========|_|==============|___/=/_/_/_/
 :: Spring Boot ::       (v3.0.0-SNAPSHOT)

2022-05-29T13:41:13.025-07:00  INFO 4787 --- [    Test worker] d.m.s.SpringMailSenderApplicationTests   : Starting SpringMailSenderApplicationTests using Java 18.0.1 on ash.local with PID 4787 (started by mnkhani in /Users/mnkhani/Documents/github/spring-mail-api)
2022-05-29T13:41:13.030-07:00  INFO 4787 --- [    Test worker] d.m.s.SpringMailSenderApplicationTests   : No active profile set, falling back to 1 default profile: "default"
2022-05-29T13:41:13.700-07:00  INFO 4787 --- [    Test worker] d.m.s.SpringMailSenderApplicationTests   : Started SpringMailSenderApplicationTests in 1.216 seconds (process running for 3.145)
]]></system-out>
  <system-err><![CDATA[]]></system-err>
</testsuite>
